Magma V2.23-9     Thu Dec  5 2024 06:35:40 on hegel    [Seed = 2527096753]

+-------------------------------------------------------------------+
|       This copy of Magma has been made available through a        |
|                   generous initiative of the                      |
|                                                                   |
|                         Simons Foundation                         |
|                                                                   |
| covering U.S. Colleges, Universities, Nonprofit Research entities,|
|               and their students, faculty, and staff              |
+-------------------------------------------------------------------+

Type ? for help.  Type <Ctrl>-D to quit.
Loading "databadlines"
76450
new example
[ 1/6, 1/3, 1/2 ]
new example
[ 1/12, 1/4, 1/3 ]
new example
[ 1/6, 1/2, 1 ]

Total time: 19.879 seconds, Total memory usage: 32.09MB
